#
# A fatal error has been detected by the Java Runtime Environment:
#
#  SIGSEGV (0xb) at pc=0x00007fff8d0df0dd, pid=2578, tid=1811
#
# JRE version: Java(TM) SE Runtime Environment (8.0_40-b27) (build 1.8.0_40-b27)
# Java VM: Java HotSpot(TM) 64-Bit Server VM (25.40-b25 mixed mode bsd-amd64 compressed oops)
# Problematic frame:
# C  [libobjc.A.dylib+0x10dd]  objc_msgSend+0x1d
#
# Failed to write core dump. Core dumps have been disabled. To enable core dumping, try "ulimit -c unlimited" before starting Java again
#
# If you would like to submit a bug report, please visit:
#   http://bugreport.java.com/bugreport/crash.jsp
# The crash happened outside the Java Virtual Machine in native code.
# See problematic frame for where to report the bug.
#

---------------  T H R E A D  ---------------

Current thread (0x00007fc79c06f000):  JavaThread "AppKit Thread" daemon [_thread_in_native, id=1811, stack(0x00007fff59741000,0x00007fff59f41000)]

siginfo: si_signo: 11 (SIGSEGV), si_code: 1 (SEGV_MAPERR), si_addr: 0x000007fc79bdc578

Registers:
RAX=0x0000000000000000, RBX=0x00007fc79bdac0a0, RCX=0x0000000000000000, RDX=0x00007fc79bdac0a0
RSP=0x00007fff59f3bb28, RBP=0x00007fff59f3bb50, RSI=0x00007fff8ca91b42, RDI=0x00007fc79bdc5900
R8 =0x0000000000000001, R9 =0x0000000000000001, R10=0x00007fff8ca91b42, R11=0x000007fc79bdc560
R12=0x0000000000000094, R13=0x00007fc79bdad8c0, R14=0x00007fc79bdc5900, R15=0x00007fff59f3c040
RIP=0x00007fff8d0df0dd, EFLAGS=0x0000000000010206, ERR=0x0000000000000004
  TRAPNO=0x000000000000000e

Top of Stack: (sp=0x00007fff59f3bb28)
0x00007fff59f3bb28:   0000000122740598 00007fc79bdac0a0
0x00007fff59f3bb38:   0000000122774c60 00007fc79bdad8c0
0x00007fff59f3bb48:   00007fc79bdac0a0 00007fff59f3c030
0x00007fff59f3bb58:   00007fff8c216775 0000000000000000
0x00007fff59f3bb68:   0000000000000000 4082c00000000000
0x00007fff59f3bb78:   4082c00000000000 0000000000000000
0x00007fff59f3bb88:   0000000000000000 4082c00000000000
0x00007fff59f3bb98:   4082c00000000000 4082c00000000000
0x00007fff59f3bba8:   4083700000000000 401c000000000000
0x00007fff59f3bbb8:   4082d80000000000 402c000000000000
0x00007fff59f3bbc8:   4030000000000000 401c000000000000
0x00007fff59f3bbd8:   0000000000000000 0000000000000000
0x00007fff59f3bbe8:   4030000000000000 00007fff8ca562ce
0x00007fff59f3bbf8:   4008000000000000 00007fc79bdad220
0x00007fff59f3bc08:   0000000100000000 0000000000000000
0x00007fff59f3bc18:   00007fc79bd70950 00007fff59f3bd70
0x00007fff59f3bc28:   00007fff8c2dcbc6 00007fff59f3bd70
0x00007fff59f3bc38:   00007fff8c2dd6b2 402c000000000000
0x00007fff59f3bc48:   4030000000000000 401c000000000000
0x00007fff59f3bc58:   4082d80000000000 402c000000000000
0x00007fff59f3bc68:   4030000000000000 0000000000000000
0x00007fff59f3bc78:   0000000000000000 4082c00000000000
0x00007fff59f3bc88:   4083700000000000 401c000000000000
0x00007fff59f3bc98:   4082d80000000000 0000000105cdda00
0x00007fff59f3bca8:   00007fc79e028930 00000000000000b0
0x00007fff59f3bcb8:   0000000000000000 0000000000000288
0x00007fff59f3bcc8:   0000000105cda000 00007fff59f3bd70
0x00007fff59f3bcd8:   00007fff8e6ad4ff 0000000000000288
0x00007fff59f3bce8:   0000000105cda000 00007fff59f3bd90
0x00007fff59f3bcf8:   0000000000000289 00007fff59f3bdff
0x00007fff59f3bd08:   0000000000080000 00007fc79e0fc080
0x00007fff59f3bd18:   00007fc79e028880 000000000000000b 

Instructions: (pc=0x00007fff8d0df0dd)
0x00007fff8d0df0bd:   00 00 00 48 85 ff 2e 74 7a 40 f6 c7 01 2e 75 7e
0x00007fff8d0df0cd:   49 bb f8 ff ff ff ff 7f 00 00 4c 23 1f 49 89 f2
0x00007fff8d0df0dd:   45 23 53 18 49 c1 e2 04 4d 03 53 10 49 3b 32 75
0x00007fff8d0df0ed:   04 41 ff 62 08 49 83 3a 00 74 6a 4d 3b 53 10 74 

Register to memory mapping:

RAX=0x0000000000000000 is an unknown value
RBX=0x00007fc79bdac0a0 is an unknown value
RCX=0x0000000000000000 is an unknown value
RDX=0x00007fc79bdac0a0 is an unknown value
RSP=0x00007fff59f3bb28 is pointing into the stack for thread: 0x00007fc79c06f000
RBP=0x00007fff59f3bb50 is pointing into the stack for thread: 0x00007fc79c06f000
RSI=0x00007fff8ca91b42: -[NSTitlebarContainerView shouldRoundCorners]+0x5c5a4 in /System/Library/Frameworks/AppKit.framework/Versions/C/AppKit at 0x00007fff8c0c8000
RDI=0x00007fc79bdc5900 is an unknown value
R8 =0x0000000000000001 is an unknown value
R9 =0x0000000000000001 is an unknown value
R10=0x00007fff8ca91b42: -[NSTitlebarContainerView shouldRoundCorners]+0x5c5a4 in /System/Library/Frameworks/AppKit.framework/Versions/C/AppKit at 0x00007fff8c0c8000
R11=0x000007fc79bdc560 is an unknown value
R12=0x0000000000000094 is an unknown value
R13=0x00007fc79bdad8c0 is an unknown value
R14=0x00007fc79bdc5900 is an unknown value
R15=0x00007fff59f3c040 is pointing into the stack for thread: 0x00007fc79c06f000


Stack: [0x00007fff59741000,0x00007fff59f41000],  sp=0x00007fff59f3bb28,  free space=8170k
Native frames: (J=compiled Java code, j=interpreted, Vv=VM code, C=native code)
C  [libobjc.A.dylib+0x10dd]  objc_msgSend+0x1d
C  [AppKit+0x14e775]  -[NSView _recursiveDisplayRectIfNeededIgnoringOpacity:isVisibleRect:rectIsVisibleRectForView:topView:]+0x740
C  [AppKit+0x14f7d0]  -[NSView _recursiveDisplayRectIfNeededIgnoringOpacity:isVisibleRect:rectIsVisibleRectForView:topView:]+0x179b
C  [AppKit+0x14db23]  -[NSThemeFrame _recursiveDisplayRectIfNeededIgnoringOpacity:isVisibleRect:rectIsVisibleRectForView:topView:]+0x14d
C  [AppKit+0x14a67b]  -[NSView _displayRectIgnoringOpacity:isVisibleRect:rectIsVisibleRectForView:]+0xac9
C  [AppKit+0x12907a]  -[NSView displayIfNeeded]+0x754
C  [AppKit+0x146575]  -[NSWindow displayIfNeeded]+0xe8
C  [AppKit+0x183772]  _handleWindowNeedsDisplayOrLayoutOrUpdateConstraints+0x3a8
C  [AppKit+0x748cf1]  __83-[NSWindow _postWindowNeedsDisplayOrLayoutOrUpdateConstraintsUnlessPostingDisabled]_block_invoke1523+0x2e
C  [CoreFoundation+0x7fd87]  __CFRUNLOOP_IS_CALLING_OUT_TO_AN_OBSERVER_CALLBACK_FUNCTION__+0x17
C  [CoreFoundation+0x7fce0]  __CFRunLoopDoObservers+0x170
C  [CoreFoundation+0x71de8]  __CFRunLoopRun+0x368
C  [CoreFoundation+0x71838]  CFRunLoopRunSpecific+0x128
C  [HIToolbox+0x2e43f]  RunCurrentEventLoopInMode+0xeb
C  [HIToolbox+0x2e0be]  ReceiveNextEventCommon+0xb3
C  [HIToolbox+0x2dffb]  _BlockUntilNextEventMatchingListInModeWithFilter+0x47
C  [AppKit+0x246d1]  _DPSNextEvent+0x3c4
C  [AppKit+0x23e80]  -[NSApplication nextEventMatchingMask:untilDate:inMode:dequeue:]+0xc2
C  [libosxapp.dylib+0x242a]  -[NSApplicationAWT nextEventMatchingMask:untilDate:inMode:dequeue:]+0x7c
C  [AppKit+0x17e23]  -[NSApplication run]+0x252
C  [libosxapp.dylib+0x223e]  +[NSApplicationAWT runAWTLoopWithApp:]+0x9c
C  [libawt_lwawt.dylib+0x4463b]  -[AWTStarter starter:]+0x389
C  [Foundation+0x65f4c]  __NSThreadPerformPerform+0x125
C  [CoreFoundation+0x80661]  __CFRUNLOOP_IS_CALLING_OUT_TO_A_SOURCE0_PERFORM_FUNCTION__+0x11
C  [CoreFoundation+0x727ed]  __CFRunLoopDoSources0+0x10d
C  [CoreFoundation+0x71e1f]  __CFRunLoopRun+0x39f
C  [CoreFoundation+0x71838]  CFRunLoopRunSpecific+0x128
C  [java+0x6490]  CreateExecutionEnvironment+0x367
C  [java+0x221c]  JLI_Launch+0x7a0
C  [java+0x84ed]  main+0x65
C  [java+0x1a74]  start+0x34
C  0x0000000000000006


---------------  P R O C E S S  ---------------

Java Threads: ( => current thread )
  0x00007fc79c0f4800 JavaThread "AWT-Shutdown" [_thread_blocked, id=26899, stack(0x000000011fd94000,0x000000011fe94000)]
=>0x00007fc79c06f000 JavaThread "AppKit Thread" daemon [_thread_in_native, id=1811, stack(0x00007fff59741000,0x00007fff59f41000)]
  0x00007fc79c86c800 JavaThread "Service Thread" daemon [_thread_blocked, id=16643, stack(0x000000011e616000,0x000000011e716000)]
  0x00007fc79c009000 JavaThread "C1 CompilerThread1" daemon [_thread_blocked, id=16131, stack(0x000000011e513000,0x000000011e613000)]
  0x00007fc79c859000 JavaThread "C2 CompilerThread0" daemon [_thread_blocked, id=15619, stack(0x000000011e410000,0x000000011e510000)]
  0x00007fc79c864000 JavaThread "Signal Dispatcher" daemon [_thread_blocked, id=15127, stack(0x000000011e30d000,0x000000011e40d000)]
  0x00007fc79c03d000 JavaThread "Finalizer" daemon [_thread_blocked, id=11011, stack(0x000000011c9dc000,0x000000011cadc000)]
  0x00007fc79c036800 JavaThread "Reference Handler" daemon [_thread_blocked, id=10499, stack(0x000000011c8d9000,0x000000011c9d9000)]
  0x00007fc79c80f800 JavaThread "main" [_thread_in_native, id=3331, stack(0x0000000106d28000,0x0000000106e28000)]

Other Threads:
  0x00007fc79c034000 VMThread [stack: 0x000000011c7d6000,0x000000011c8d6000] [id=9987]
  0x00007fc79c80a000 WatcherThread [stack: 0x000000011e719000,0x000000011e819000] [id=17155]

VM state:not at safepoint (normal execution)

VM Mutex/Monitor currently owned by a thread: None

Heap:
 PSYoungGen      total 38400K, used 16979K [0x0000000795580000, 0x0000000798000000, 0x00000007c0000000)
  eden space 33280K, 51% used [0x0000000795580000,0x0000000796614ea0,0x0000000797600000)
  from space 5120K, 0% used [0x0000000797b00000,0x0000000797b00000,0x0000000798000000)
  to   space 5120K, 0% used [0x0000000797600000,0x0000000797600000,0x0000000797b00000)
 ParOldGen       total 87552K, used 0K [0x0000000740000000, 0x0000000745580000, 0x0000000795580000)
  object space 87552K, 0% used [0x0000000740000000,0x0000000740000000,0x0000000745580000)
 Metaspace       used 9786K, capacity 9963K, committed 10112K, reserved 1058816K
  class space    used 1048K, capacity 1112K, committed 1152K, reserved 1048576K

Card table byte_map: [0x00000001167c0000,0x0000000116bc1000] byte_map_base: 0x0000000112dc0000

Marking Bits: (ParMarkBitMap*) 0x00000001066807a0
 Begin Bits: [0x0000000116f6f000, 0x0000000118f6f000)
 End Bits:   [0x0000000118f6f000, 0x000000011af6f000)

Polling page: 0x0000000106e6d000

CodeCache: size=245760Kb used=2862Kb max_used=2864Kb free=242897Kb
 bounds [0x0000000107400000, 0x00000001076d0000, 0x0000000116400000]
 total_blobs=1181 nmethods=750 adapters=347
 compilation: enabled

Compilation events (10 events):
Event: 2.716 Thread 0x00007fc79c009000  746       1       org.newdawn.slick.GameContainer::getHeight (5 bytes)
Event: 2.716 Thread 0x00007fc79c009000 nmethod 746 0x00000001076cad90 code [0x00000001076caee0, 0x00000001076caff0]
Event: 2.716 Thread 0x00007fc79c009000  747       3       org.newdawn.slick.Graphics::predraw (5 bytes)
Event: 2.717 Thread 0x00007fc79c009000 nmethod 747 0x00000001076ca750 code [0x00000001076ca8e0, 0x00000001076cac30]
Event: 2.717 Thread 0x00007fc79c009000  748       3       org.newdawn.slick.Graphics::setCurrent (30 bytes)
Event: 2.717 Thread 0x00007fc79c009000 nmethod 748 0x00000001076ca1d0 code [0x00000001076ca340, 0x00000001076ca610]
Event: 2.718 Thread 0x00007fc79c009000  749       3       org.lwjgl.Sys::getTime (13 bytes)
Event: 2.718 Thread 0x00007fc79c009000 nmethod 749 0x00000001076c9d90 code [0x00000001076c9f00, 0x00000001076ca130]
Event: 2.718 Thread 0x00007fc79c009000  750       3       org.lwjgl.J2SESysImplementation::getTime (4 bytes)
Event: 2.718 Thread 0x00007fc79c009000 nmethod 750 0x00000001076c9a10 code [0x00000001076c9b80, 0x00000001076c9cf0]

GC Heap History (0 events):
No events

Deoptimization events (2 events):
Event: 0.669 Thread 0x00007fc79c80f800 Uncommon trap: reason=unstable_if action=reinterpret pc=0x000000010758f6ec method=java.lang.String.replace(CC)Ljava/lang/String; @ 26
Event: 1.824 Thread 0x00007fc79c80f800 Uncommon trap: reason=unstable_if action=reinterpret pc=0x000000010761dc70 method=java.util.HashMap.hash(Ljava/lang/Object;)I @ 1

Internal exceptions (10 events):
Event: 0.076 Thread 0x00007fc79c80f800 Exception <a 'java/lang/NoSuchMethodError': Method sun.misc.Unsafe.prefetchRead(Ljava/lang/Object;J)V name or signature does not match> (0x0000000795592c68) thrown at [/Users/java_re/workspace/8-2-build-macosx-x86_64/jdk8u40/3153/hotspot/src/share/vm/prim
Event: 0.252 Thread 0x00007fc79c80f800 Exception <a 'java/security/PrivilegedActionException'> (0x0000000795862000) thrown at [/Users/java_re/workspace/8-2-build-macosx-x86_64/jdk8u40/3153/hotspot/src/share/vm/prims/jvm.cpp, line 1382]
Event: 0.252 Thread 0x00007fc79c80f800 Exception <a 'java/security/PrivilegedActionException'> (0x00000007958621b8) thrown at [/Users/java_re/workspace/8-2-build-macosx-x86_64/jdk8u40/3153/hotspot/src/share/vm/prims/jvm.cpp, line 1382]
Event: 0.253 Thread 0x00007fc79c80f800 Exception <a 'java/security/PrivilegedActionException'> (0x0000000795865538) thrown at [/Users/java_re/workspace/8-2-build-macosx-x86_64/jdk8u40/3153/hotspot/src/share/vm/prims/jvm.cpp, line 1382]
Event: 0.253 Thread 0x00007fc79c80f800 Exception <a 'java/security/PrivilegedActionException'> (0x00000007958656f0) thrown at [/Users/java_re/workspace/8-2-build-macosx-x86_64/jdk8u40/3153/hotspot/src/share/vm/prims/jvm.cpp, line 1382]
Event: 0.480 Thread 0x00007fc79c80f800 Exception <a 'java/io/FileNotFoundException'> (0x00000007958695c8) thrown at [/Users/java_re/workspace/8-2-build-macosx-x86_64/jdk8u40/3153/hotspot/src/share/vm/prims/jni.cpp, line 709]
Event: 0.480 Thread 0x00007fc79c80f800 Exception <a 'java/io/FileNotFoundException'> (0x000000079586a108) thrown at [/Users/java_re/workspace/8-2-build-macosx-x86_64/jdk8u40/3153/hotspot/src/share/vm/prims/jni.cpp, line 709]
Event: 0.566 Thread 0x00007fc79c06f000 Exception <a 'java/lang/NoSuchFieldError': method resolution failed> (0x0000000795991ef8) thrown at [/Users/java_re/workspace/8-2-build-macosx-x86_64/jdk8u40/3153/hotspot/src/share/vm/prims/methodHandles.cpp, line 1125]
Event: 0.570 Thread 0x00007fc79c06f000 Exception <a 'java/lang/NoSuchFieldError': method resolution failed> (0x00000007959a0598) thrown at [/Users/java_re/workspace/8-2-build-macosx-x86_64/jdk8u40/3153/hotspot/src/share/vm/prims/methodHandles.cpp, line 1125]
Event: 1.824 Thread 0x00007fc79c80f800 Implicit null exception at 0x000000010761d59a to 0x000000010761dc61

Events (10 events):
Event: 1.973 loading class model/managers/EntityManager
Event: 1.973 loading class model/managers/EntityManager done
Event: 1.974 loading class org/newdawn/slick/AngelCodeFont$DisplayList
Event: 1.974 loading class org/newdawn/slick/AngelCodeFont$DisplayList done
Event: 1.976 loading class org/lwjgl/opengl/Sync
Event: 1.976 loading class org/lwjgl/opengl/Sync done
Event: 1.976 loading class org/lwjgl/opengl/Sync$RunningAvg
Event: 1.976 loading class org/lwjgl/opengl/Sync$RunningAvg done
Event: 2.772 loading class org/lwjgl/opengl/CallbackUtil
Event: 2.772 loading class org/lwjgl/opengl/CallbackUtil done


Dynamic libraries:
0x000000000181b000 	/System/Library/Frameworks/Cocoa.framework/Versions/A/Cocoa
0x000000000181b000 	/System/Library/Frameworks/Security.framework/Versions/A/Security
0x000000000181b000 	/System/Library/Frameworks/ApplicationServices.framework/Versions/A/ApplicationServices
0x000000000181b000 	/usr/lib/libz.1.dylib
0x000000000181b000 	/usr/lib/libSystem.B.dylib
0x000000000181b000 	/usr/lib/libobjc.A.dylib
0x000000000181b000 	/System/Library/Frameworks/CoreFoundation.framework/Versions/A/CoreFoundation
0x000000000181b000 	/System/Library/Frameworks/Foundation.framework/Versions/C/Foundation
0x000000000181b000 	/System/Library/Frameworks/AppKit.framework/Versions/C/AppKit
0x000000000181b000 	/System/Library/Frameworks/CoreData.framework/Versions/A/CoreData
0x000000000181b000 	/System/Library/PrivateFrameworks/RemoteViewServices.framework/Versions/A/RemoteViewServices
0x000000000181b000 	/System/Library/PrivateFrameworks/UIFoundation.framework/Versions/A/UIFoundation
0x000000000181b000 	/System/Library/Frameworks/IOSurface.framework/Versions/A/IOSurface
0x000000000181b000 	/System/Library/Frameworks/AudioToolbox.framework/Versions/A/AudioToolbox
0x000000000181b000 	/System/Library/Frameworks/AudioUnit.framework/Versions/A/AudioUnit
0x000000000181b000 	/System/Library/PrivateFrameworks/DataDetectorsCore.framework/Versions/A/DataDetectorsCore
0x000000000181b000 	/System/Library/PrivateFrameworks/DesktopServicesPriv.framework/Versions/A/DesktopServicesPriv
0x000000000181b000 	/System/Library/Frameworks/Carbon.framework/Versions/A/Frameworks/HIToolbox.framework/Versions/A/HIToolbox
0x000000000181b000 	/System/Library/Frameworks/QuartzCore.framework/Versions/A/QuartzCore
0x000000000181b000 	/System/Library/Frameworks/Carbon.framework/Versions/A/Frameworks/SpeechRecognition.framework/Versions/A/SpeechRecognition
0x000000000181b000 	/usr/lib/libauto.dylib
0x000000000181b000 	/usr/lib/libicucore.A.dylib
0x000000000181b000 	/usr/lib/libxml2.2.dylib
0x000000000181b000 	/System/Library/PrivateFrameworks/CoreUI.framework/Versions/A/CoreUI
0x000000000181b000 	/System/Library/Frameworks/CoreAudio.framework/Versions/A/CoreAudio
0x000000000181b000 	/System/Library/Frameworks/DiskArbitration.framework/Versions/A/DiskArbitration
0x000000000181b000 	/usr/lib/liblangid.dylib
0x000000000181b000 	/System/Library/PrivateFrameworks/MultitouchSupport.framework/Versions/A/MultitouchSupport
0x000000000181b000 	/System/Library/Frameworks/IOKit.framework/Versions/A/IOKit
0x000000000181b000 	/usr/lib/libDiagnosticMessagesClient.dylib
0x000000000181b000 	/System/Library/Frameworks/CoreServices.framework/Versions/A/CoreServices
0x000000000181b000 	/System/Library/PrivateFrameworks/PerformanceAnalysis.framework/Versions/A/PerformanceAnalysis
0x000000000181b000 	/System/Library/PrivateFrameworks/GenerationalStorage.framework/Versions/A/GenerationalStorage
0x000000000181b000 	/System/Library/Frameworks/OpenGL.framework/Versions/A/OpenGL
0x000000000181b000 	/System/Library/PrivateFrameworks/Sharing.framework/Versions/A/Sharing
0x000000000181b000 	/System/Library/Frameworks/CoreGraphics.framework/Versions/A/CoreGraphics
0x000000000181b000 	/System/Library/Frameworks/CoreText.framework/Versions/A/CoreText
0x000000000181b000 	/System/Library/Frameworks/ImageIO.framework/Versions/A/ImageIO
0x000000000181b000 	/usr/lib/libextension.dylib
0x000000000181b000 	/System/Library/PrivateFrameworks/Backup.framework/Versions/A/Backup
0x000000000181b000 	/usr/lib/libarchive.2.dylib
0x000000000181b000 	/System/Library/Frameworks/CFNetwork.framework/Versions/A/CFNetwork
0x000000000181b000 	/System/Library/Frameworks/SystemConfiguration.framework/Versions/A/SystemConfiguration
0x000000000181b000 	/usr/lib/libCRFSuite.dylib
0x000000000181b000 	/usr/lib/libc++.1.dylib
0x000000000181b000 	/usr/lib/libc++abi.dylib
0x000000000181b000 	/usr/lib/system/libcache.dylib
0x000000000181b000 	/usr/lib/system/libcommonCrypto.dylib
0x000000000181b000 	/usr/lib/system/libcompiler_rt.dylib
0x000000000181b000 	/usr/lib/system/libcopyfile.dylib
0x000000000181b000 	/usr/lib/system/libcorecrypto.dylib
0x000000000181b000 	/usr/lib/system/libdispatch.dylib
0x000000000181b000 	/usr/lib/system/libdyld.dylib
0x000000000181b000 	/usr/lib/system/libkeymgr.dylib
0x000000000181b000 	/usr/lib/system/liblaunch.dylib
0x000000000181b000 	/usr/lib/system/libmacho.dylib
0x000000000181b000 	/usr/lib/system/libquarantine.dylib
0x000000000181b000 	/usr/lib/system/libremovefile.dylib
0x000000000181b000 	/usr/lib/system/libsystem_asl.dylib
0x000000000181b000 	/usr/lib/system/libsystem_blocks.dylib
0x000000000181b000 	/usr/lib/system/libsystem_c.dylib
0x000000000181b000 	/usr/lib/system/libsystem_configuration.dylib
0x000000000181b000 	/usr/lib/system/libsystem_coreservices.dylib
0x000000000181b000 	/usr/lib/system/libsystem_coretls.dylib
0x000000000181b000 	/usr/lib/system/libsystem_dnssd.dylib
0x000000000181b000 	/usr/lib/system/libsystem_info.dylib
0x000000000181b000 	/usr/lib/system/libsystem_kernel.dylib
0x000000000181b000 	/usr/lib/system/libsystem_m.dylib
0x000000000181b000 	/usr/lib/system/libsystem_malloc.dylib
0x000000000181b000 	/usr/lib/system/libsystem_network.dylib
0x000000000181b000 	/usr/lib/system/libsystem_networkextension.dylib
0x000000000181b000 	/usr/lib/system/libsystem_notify.dylib
0x000000000181b000 	/usr/lib/system/libsystem_platform.dylib
0x000000000181b000 	/usr/lib/system/libsystem_pthread.dylib
0x000000000181b000 	/usr/lib/system/libsystem_sandbox.dylib
0x000000000181b000 	/usr/lib/system/libsystem_secinit.dylib
0x000000000181b000 	/usr/lib/system/libsystem_stats.dylib
0x000000000181b000 	/usr/lib/system/libsystem_trace.dylib
0x000000000181b000 	/usr/lib/system/libunc.dylib
0x000000000181b000 	/usr/lib/system/libunwind.dylib
0x000000000181b000 	/usr/lib/system/libxpc.dylib
0x000000000181b000 	/usr/lib/libbz2.1.0.dylib
0x000000000181b000 	/usr/lib/liblzma.5.dylib
0x000000000181b000 	/usr/lib/libbsm.0.dylib
0x000000000181b000 	/usr/lib/libsqlite3.dylib
0x000000000181b000 	/usr/lib/system/libkxld.dylib
0x000000000181b000 	/usr/lib/libxar.1.dylib
0x000000000181b000 	/usr/lib/libpam.2.dylib
0x000000000181b000 	/usr/lib/libOpenScriptingUtil.dylib
0x000000000181b000 	/System/Library/Frameworks/CoreServices.framework/Versions/A/Frameworks/FSEvents.framework/Versions/A/FSEvents
0x000000000181b000 	/System/Library/Frameworks/CoreServices.framework/Versions/A/Frameworks/CarbonCore.framework/Versions/A/CarbonCore
0x000000000181b000 	/System/Library/Frameworks/CoreServices.framework/Versions/A/Frameworks/Metadata.framework/Versions/A/Metadata
0x000000000181b000 	/System/Library/Frameworks/CoreServices.framework/Versions/A/Frameworks/OSServices.framework/Versions/A/OSServices
0x000000000181b000 	/System/Library/Frameworks/CoreServices.framework/Versions/A/Frameworks/SearchKit.framework/Versions/A/SearchKit
0x000000000181b000 	/System/Library/Frameworks/CoreServices.framework/Versions/A/Frameworks/AE.framework/Versions/A/AE
0x000000000181b000 	/System/Library/Frameworks/CoreServices.framework/Versions/A/Frameworks/LaunchServices.framework/Versions/A/LaunchServices
0x000000000181b000 	/System/Library/Frameworks/CoreServices.framework/Versions/A/Frameworks/DictionaryServices.framework/Versions/A/DictionaryServices
0x000000000181b000 	/System/Library/Frameworks/NetFS.framework/Versions/A/NetFS
0x000000000181b000 	/System/Library/PrivateFrameworks/NetAuth.framework/Versions/A/NetAuth
0x000000000181b000 	/System/Library/PrivateFrameworks/login.framework/Versions/A/Frameworks/loginsupport.framework/Versions/A/loginsupport
0x000000000181b000 	/System/Library/PrivateFrameworks/TCC.framework/Versions/A/TCC
0x000000000181b000 	/usr/lib/libmecabra.dylib
0x000000000181b000 	/System/Library/PrivateFrameworks/LanguageModeling.framework/Versions/A/LanguageModeling
0x000000000181b000 	/usr/lib/libcmph.dylib
0x000000000181b000 	/usr/lib/libiconv.2.dylib
0x000000000181b000 	/System/Library/Frameworks/OpenDirectory.framework/Versions/A/Frameworks/CFOpenDirectory.framework/Versions/A/CFOpenDirectory
0x000000000181b000 	/System/Library/Frameworks/ServiceManagement.framework/Versions/A/ServiceManagement
0x000000000181b000 	/usr/lib/libxslt.1.dylib
0x000000000181b000 	/System/Library/Frameworks/Carbon.framework/Versions/A/Frameworks/Ink.framework/Versions/A/Ink
0x000000000181b000 	/System/Library/Frameworks/ApplicationServices.framework/Versions/A/Frameworks/ATS.framework/Versions/A/ATS
0x000000000181b000 	/System/Library/Frameworks/ApplicationServices.framework/Versions/A/Frameworks/ColorSync.framework/Versions/A/ColorSync
0x000000000181b000 	/System/Library/Frameworks/ApplicationServices.framework/Versions/A/Frameworks/HIServices.framework/Versions/A/HIServices
0x000000000181b000 	/System/Library/Frameworks/ApplicationServices.framework/Versions/A/Frameworks/LangAnalysis.framework/Versions/A/LangAnalysis
0x000000000181b000 	/System/Library/Frameworks/ApplicationServices.framework/Versions/A/Frameworks/PrintCore.framework/Versions/A/PrintCore
0x000000000181b000 	/System/Library/Frameworks/ApplicationServices.framework/Versions/A/Frameworks/QD.framework/Versions/A/QD
0x000000000181b000 	/System/Library/Frameworks/ApplicationServices.framework/Versions/A/Frameworks/SpeechSynthesis.framework/Versions/A/SpeechSynthesis
0x000000000181b000 	/System/Library/Frameworks/Accelerate.framework/Versions/A/Accelerate
0x000000000181b000 	/System/Library/Frameworks/Accelerate.framework/Versions/A/Frameworks/vImage.framework/Versions/A/vImage
0x000000000181b000 	/System/Library/Frameworks/Accelerate.framework/Versions/A/Frameworks/vecLib.framework/Versions/A/vecLib
0x000000000181b000 	/System/Library/Frameworks/Accelerate.framework/Versions/A/Frameworks/vecLib.framework/Versions/A/libvDSP.dylib
0x000000000181b000 	/System/Library/Frameworks/Accelerate.framework/Versions/A/Frameworks/vecLib.framework/Versions/A/libvMisc.dylib
0x000000000181b000 	/System/Library/Frameworks/Accelerate.framework/Versions/A/Frameworks/vecLib.framework/Versions/A/libLAPACK.dylib
0x000000000181b000 	/System/Library/Frameworks/Accelerate.framework/Versions/A/Frameworks/vecLib.framework/Versions/A/libBLAS.dylib
0x000000000181b000 	/System/Library/Frameworks/Accelerate.framework/Versions/A/Frameworks/vecLib.framework/Versions/A/libLinearAlgebra.dylib
0x000000000181b000 	/System/Library/Frameworks/ApplicationServices.framework/Versions/A/Frameworks/ATS.framework/Versions/A/Resources/libFontParser.dylib
0x000000000181b000 	/System/Library/Frameworks/ApplicationServices.framework/Versions/A/Frameworks/ATS.framework/Versions/A/Resources/libFontRegistry.dylib
0x000000000181b000 	/System/Library/PrivateFrameworks/AppleVPA.framework/Versions/A/AppleVPA
0x000000000181b000 	/System/Library/PrivateFrameworks/AppleJPEG.framework/Versions/A/AppleJPEG
0x000000000181b000 	/System/Library/Frameworks/ImageIO.framework/Versions/A/Resources/libJPEG.dylib
0x000000000181b000 	/System/Library/Frameworks/ImageIO.framework/Versions/A/Resources/libTIFF.dylib
0x000000000181b000 	/System/Library/Frameworks/ImageIO.framework/Versions/A/Resources/libPng.dylib
0x000000000181b000 	/System/Library/Frameworks/ImageIO.framework/Versions/A/Resources/libGIF.dylib
0x000000000181b000 	/System/Library/Frameworks/ImageIO.framework/Versions/A/Resources/libJP2.dylib
0x000000000181b000 	/System/Library/Frameworks/ImageIO.framework/Versions/A/Resources/libRadiance.dylib
0x000000000181b000 	/System/Library/Frameworks/CoreVideo.framework/Versions/A/CoreVideo
0x000000000181b000 	/System/Library/Frameworks/OpenGL.framework/Versions/A/Libraries/libGLU.dylib
0x000000000181b000 	/System/Library/Frameworks/OpenGL.framework/Versions/A/Libraries/libGFXShared.dylib
0x000000000181b000 	/System/Library/Frameworks/OpenGL.framework/Versions/A/Libraries/libGL.dylib
0x000000000181b000 	/System/Library/Frameworks/OpenGL.framework/Versions/A/Libraries/libGLImage.dylib
0x000000000181b000 	/System/Library/Frameworks/OpenGL.framework/Versions/A/Libraries/libCVMSPluginSupport.dylib
0x000000000181b000 	/System/Library/Frameworks/OpenGL.framework/Versions/A/Libraries/libCoreVMClient.dylib
0x000000000181b000 	/usr/lib/libcups.2.dylib
0x000000000181b000 	/System/Library/Frameworks/Kerberos.framework/Versions/A/Kerberos
0x000000000181b000 	/System/Library/Frameworks/GSS.framework/Versions/A/GSS
0x000000000181b000 	/usr/lib/libresolv.9.dylib
0x000000000181b000 	/System/Library/PrivateFrameworks/Heimdal.framework/Versions/A/Heimdal
0x000000000181b000 	/usr/lib/libheimdal-asn1.dylib
0x000000000181b000 	/System/Library/Frameworks/OpenDirectory.framework/Versions/A/OpenDirectory
0x000000000181b000 	/System/Library/PrivateFrameworks/CommonAuth.framework/Versions/A/CommonAuth
0x000000000181b000 	/System/Library/Frameworks/SecurityFoundation.framework/Versions/A/SecurityFoundation
0x000000000181b000 	/System/Library/Frameworks/QuartzCore.framework/Versions/A/Frameworks/CoreImage.framework/Versions/A/CoreImage
0x000000000181b000 	/System/Library/PrivateFrameworks/CrashReporterSupport.framework/Versions/A/CrashReporterSupport
0x000000000181b000 	/System/Library/Frameworks/OpenCL.framework/Versions/A/OpenCL
0x000000000181b000 	/System/Library/PrivateFrameworks/FaceCore.framework/Versions/A/FaceCore
0x000000000181b000 	/System/Library/PrivateFrameworks/Ubiquity.framework/Versions/A/Ubiquity
0x000000000181b000 	/System/Library/PrivateFrameworks/IconServices.framework/Versions/A/IconServices
0x000000000181b000 	/System/Library/PrivateFrameworks/ChunkingLibrary.framework/Versions/A/ChunkingLibrary
0x000000000181b000 	/System/Library/PrivateFrameworks/Apple80211.framework/Versions/A/Apple80211
0x000000000181b000 	/System/Library/Frameworks/CoreWLAN.framework/Versions/A/CoreWLAN
0x000000000181b000 	/System/Library/Frameworks/IOBluetooth.framework/Versions/A/IOBluetooth
0x000000000181b000 	/System/Library/PrivateFrameworks/CoreWiFi.framework/Versions/A/CoreWiFi
0x000000000181b000 	/System/Library/Frameworks/CoreBluetooth.framework/Versions/A/CoreBluetooth
0x000000000181b000 	/System/Library/PrivateFrameworks/DebugSymbols.framework/Versions/A/DebugSymbols
0x000000000181b000 	/System/Library/PrivateFrameworks/CoreSymbolication.framework/Versions/A/CoreSymbolication
0x000000000181b000 	/System/Library/PrivateFrameworks/Symbolication.framework/Versions/A/Symbolication
0x000000000181b000 	/System/Library/PrivateFrameworks/SpeechRecognitionCore.framework/Versions/A/SpeechRecognitionCore
0x0000000105dbe000 	/Library/Java/JavaVirtualMachines/jdk1.8.0_40.jdk/Contents/Home/jre/lib/server/libjvm.dylib
0x000000000181b000 	/usr/lib/libstdc++.6.dylib
0x0000000106e2a000 	/Library/Java/JavaVirtualMachines/jdk1.8.0_40.jdk/Contents/Home/jre/lib/libverify.dylib
0x0000000106e38000 	/Library/Java/JavaVirtualMachines/jdk1.8.0_40.jdk/Contents/Home/jre/lib/libjava.dylib
0x0000000106e8e000 	/Library/Java/JavaVirtualMachines/jdk1.8.0_40.jdk/Contents/Home/jre/lib/libzip.dylib
0x000000011cade000 	/System/Library/Frameworks/JavaVM.framework/Frameworks/JavaRuntimeSupport.framework/JavaRuntimeSupport
0x0000000106feb000 	/System/Library/Frameworks/JavaVM.framework/Versions/A/Frameworks/JavaNativeFoundation.framework/Versions/A/JavaNativeFoundation
0x000000011caf4000 	/System/Library/Frameworks/JavaVM.framework/Versions/A/JavaVM
0x000000000181b000 	/System/Library/Frameworks/Carbon.framework/Versions/A/Carbon
0x000000011cb00000 	/System/Library/PrivateFrameworks/JavaLaunching.framework/Versions/A/JavaLaunching
0x000000000181b000 	/System/Library/Frameworks/Carbon.framework/Versions/A/Frameworks/CommonPanels.framework/Versions/A/CommonPanels
0x000000000181b000 	/System/Library/Frameworks/Carbon.framework/Versions/A/Frameworks/Help.framework/Versions/A/Help
0x000000000181b000 	/System/Library/Frameworks/Carbon.framework/Versions/A/Frameworks/ImageCapture.framework/Versions/A/ImageCapture
0x000000000181b000 	/System/Library/Frameworks/Carbon.framework/Versions/A/Frameworks/OpenScripting.framework/Versions/A/OpenScripting
0x000000000181b000 	/System/Library/Frameworks/Carbon.framework/Versions/A/Frameworks/Print.framework/Versions/A/Print
0x000000000181b000 	/System/Library/Frameworks/Carbon.framework/Versions/A/Frameworks/SecurityHI.framework/Versions/A/SecurityHI
0x000000011e83f000 	/Library/Java/JavaVirtualMachines/jdk1.8.0_40.jdk/Contents/Home/jre/lib/libawt.dylib
0x000000011e8e7000 	/Library/Java/JavaVirtualMachines/jdk1.8.0_40.jdk/Contents/Home/jre/lib/./libmlib_image.dylib
0x000000011e9b3000 	/Library/Java/JavaVirtualMachines/jdk1.8.0_40.jdk/Contents/Home/jre/lib/libawt_lwawt.dylib
0x000000011ea67000 	/Library/Java/JavaVirtualMachines/jdk1.8.0_40.jdk/Contents/Home/jre/lib/./libosxapp.dylib
0x000000000181b000 	/System/Library/Frameworks/ExceptionHandling.framework/Versions/A/ExceptionHandling
0x000000000181b000 	/System/Library/PrivateFrameworks/CoreServicesInternal.framework/Versions/A/CoreServicesInternal
0x000000000181b000 	/System/Library/PrivateFrameworks/CloudDocs.framework/Versions/A/CloudDocs
0x000000000181b000 	/System/Library/PrivateFrameworks/CoreDuet.framework/Versions/A/CoreDuet
0x000000000181b000 	/System/Library/Frameworks/CloudKit.framework/Versions/A/CloudKit
0x000000000181b000 	/System/Library/PrivateFrameworks/ProtocolBuffer.framework/Versions/A/ProtocolBuffer
0x000000000181b000 	/System/Library/PrivateFrameworks/CoreDuetDaemonProtocol.framework/Versions/A/CoreDuetDaemonProtocol
0x000000000181b000 	/System/Library/PrivateFrameworks/CoreDuetDebugLogging.framework/Versions/A/CoreDuetDebugLogging
0x000000000181b000 	/System/Library/Frameworks/CoreLocation.framework/Versions/A/CoreLocation
0x000000000181b000 	/System/Library/Frameworks/Accounts.framework/Versions/A/Accounts
0x000000000181b000 	/System/Library/PrivateFrameworks/ApplePushService.framework/Versions/A/ApplePushService
0x000000000181b000 	/System/Library/PrivateFrameworks/GeoServices.framework/Versions/A/GeoServices
0x000000000181b000 	/System/Library/PrivateFrameworks/OAuth.framework/Versions/A/OAuth
0x000000000181b000 	/System/Library/PrivateFrameworks/CoreDaemon.framework/Versions/B/CoreDaemon
0x000000000181b000 	/usr/lib/libcrypto.0.9.8.dylib
0x000000000181b000 	/System/Library/PrivateFrameworks/AppleSRP.framework/Versions/A/AppleSRP
0x000000000181b000 	/System/Library/PrivateFrameworks/TrustEvaluationAgent.framework/Versions/A/TrustEvaluationAgent
0x000000000181b000 	/System/Library/Frameworks/CoreGraphics.framework/Versions/A/Resources/libCGCMS.A.dylib
0x000000000181b000 	/System/Library/Frameworks/CoreGraphics.framework/Versions/A/Resources/libRIP.A.dylib
0x000000000181b000 	/System/Library/Frameworks/CoreGraphics.framework/Versions/A/Resources/libCGXType.A.dylib
0x000000000181b000 	/System/Library/Frameworks/OpenCL.framework/Versions/A/Libraries/libcldcpuengine.dylib
0x000000000181b000 	/System/Library/PrivateFrameworks/DiskImages.framework/Versions/A/DiskImages
0x000000000181b000 	/System/Library/Frameworks/DiscRecording.framework/Versions/A/DiscRecording
0x000000000181b000 	/usr/lib/libcsfde.dylib
0x000000000181b000 	/usr/lib/libcurl.4.dylib
0x000000000181b000 	/System/Library/PrivateFrameworks/MediaKit.framework/Versions/A/MediaKit
0x000000000181b000 	/System/Library/PrivateFrameworks/ProtectedCloudStorage.framework/Versions/A/ProtectedCloudStorage
0x000000000181b000 	/usr/lib/libCoreStorage.dylib
0x000000000181b000 	/System/Library/PrivateFrameworks/EFILogin.framework/Versions/A/EFILogin
0x000000000181b000 	/usr/lib/libutil.dylib
0x000000000181b000 	/System/Library/PrivateFrameworks/FindMyDevice.framework/Versions/A/FindMyDevice
0x000000000181b000 	/System/Library/Frameworks/LDAP.framework/Versions/A/LDAP
0x000000000181b000 	/usr/lib/libsasl2.2.dylib
0x000000012150a000 	cl_kernels
0x000000012150c000 	/System/Library/Frameworks/OpenCL.framework/Versions/A/Libraries/ImageFormats/unorm8_bgra.dylib
0x00000001214fb000 	cl_kernels
0x000000000181b000 	/System/Library/PrivateFrameworks/FamilyControls.framework/Versions/A/FamilyControls
0x000000000181b000 	/System/Library/PrivateFrameworks/CommerceKit.framework/Versions/A/Frameworks/CommerceCore.framework/Versions/A/CommerceCore
0x000000000181b000 	/System/Library/PrivateFrameworks/SystemAdministration.framework/Versions/A/SystemAdministration
0x000000000181b000 	/System/Library/PrivateFrameworks/AppContainer.framework/Versions/A/AppContainer
0x000000000181b000 	/System/Library/PrivateFrameworks/SecCodeWrapper.framework/Versions/A/SecCodeWrapper
0x000000000181b000 	/System/Library/Frameworks/DirectoryService.framework/Versions/A/DirectoryService
0x000000000181b000 	/System/Library/PrivateFrameworks/LoginUIKit.framework/Versions/A/Frameworks/LoginUICore.framework/Versions/A/LoginUICore
0x000000000181b000 	/usr/lib/libodfde.dylib
0x00000001226cf000 	/Library/Java/JavaVirtualMachines/jdk1.8.0_40.jdk/Contents/Home/jre/lib/libfontmanager.dylib
0x0000000122736000 	/Users/vpillinger/Desktop/eclipse/slick/liblwjgl.dylib
0x0000000120a40000 	/Library/Java/JavaVirtualMachines/jdk1.8.0_40.jdk/Contents/Home/jre/lib/libjawt.dylib
0x000000000181b000 	/System/Library/Frameworks/OpenGL.framework/Versions/A/Resources/GLEngine.bundle/GLEngine
0x000000000181b000 	/System/Library/Frameworks/OpenGL.framework/Versions/A/Libraries/libGLProgrammability.dylib
0x0000000000000000 	/System/Library/Extensions/GeForceTeslaGLDriver.bundle/Contents/MacOS/GeForceTeslaGLDriver
0x00000001227c3000 	/System/Library/Extensions/GeForceTeslaGLDriver.bundle/Contents/MacOS/libclh.dylib
0x000000012300a000 	/System/Library/PrivateFrameworks/GPUSupport.framework/Versions/A/Libraries/libGPUSupport.dylib
0x000000000181b000 	/System/Library/Frameworks/OpenGL.framework/Versions/A/Resources/GLRendererFloat.bundle/GLRendererFloat
0x000000012381a000 	/Users/vpillinger/Desktop/eclipse/slick/libjinput-osx.dylib
0x000000012381f000 	/System/Library/Extensions/IOHIDFamily.kext/Contents/PlugIns/IOHIDLib.plugin/Contents/MacOS/IOHIDLib
0x000000012383a000 	/Library/Java/JavaVirtualMachines/jdk1.8.0_40.jdk/Contents/Home/jre/lib/libnet.dylib
0x0000000123851000 	/Library/Java/JavaVirtualMachines/jdk1.8.0_40.jdk/Contents/Home/jre/lib/libnio.dylib

VM Arguments:
jvm_args: -Djava.library.path=/Users/vpillinger/Desktop/eclipse/slick -Dfile.encoding=UTF-8 
java_command: Main
java_class_path (initial): /Users/vpillinger/Desktop/Game Programming/Tower Defense/bin:/Users/vpillinger/Desktop/eclipse/slick/lib/jinput.jar:/Users/vpillinger/Desktop/eclipse/slick/lib/lwjgl_util.jar:/Users/vpillinger/Desktop/eclipse/slick/lib/lwjgl.jar:/Users/vpillinger/Desktop/eclipse/slick/lib/slick.jar:/Users/vpillinger/Desktop/eclipse/plugins/org.junit_4.11.0.v201303080030/junit.jar:/Users/vpillinger/Desktop/eclipse/plugins/org.hamcrest.core_1.3.0.v201303031735.jar:/Users/vpillinger/Desktop/eclipse/sound/jogg-0.0.7.jar:/Users/vpillinger/Desktop/eclipse/sound/jorbis-0.0.17-1.jar:/Users/vpillinger/Desktop/eclipse/yaml/snakeyaml-1.15.jar
Launcher Type: SUN_STANDARD

Environment Variables:
PATH=/usr/bin:/bin:/usr/sbin:/sbin
SHELL=/bin/bash

Signal Handlers:
SIGSEGV: [libjvm.dylib+0x58ef95], sa_mask[0]=11111111011111110111111111111111, sa_flags=SA_ONSTACK|SA_RESTART|SA_SIGINFO
SIGBUS: [libjvm.dylib+0x58ef95], sa_mask[0]=11111111011111110111111111111111, sa_flags=SA_RESTART|SA_SIGINFO
SIGFPE: [libjvm.dylib+0x46c118], sa_mask[0]=11111111011111110111111111111111, sa_flags=SA_RESTART|SA_SIGINFO
SIGPIPE: [libjvm.dylib+0x46c118], sa_mask[0]=11111111011111110111111111111111, sa_flags=SA_RESTART|SA_SIGINFO
SIGXFSZ: [libjvm.dylib+0x46c118], sa_mask[0]=11111111011111110111111111111111, sa_flags=SA_RESTART|SA_SIGINFO
SIGILL: [libjvm.dylib+0x46c118], sa_mask[0]=11111111011111110111111111111111, sa_flags=SA_RESTART|SA_SIGINFO
SIGUSR1: SIG_DFL, sa_mask[0]=00000000000000000000000000000000, sa_flags=none
SIGUSR2: [libjvm.dylib+0x46bc36], sa_mask[0]=00100000000000000000000000000000, sa_flags=SA_RESTART|SA_SIGINFO
SIGHUP: [libjvm.dylib+0x46a209], sa_mask[0]=11111111011111110111111111111111, sa_flags=SA_RESTART|SA_SIGINFO
SIGINT: [libjvm.dylib+0x46a209], sa_mask[0]=11111111011111110111111111111111, sa_flags=SA_RESTART|SA_SIGINFO
SIGTERM: [libjvm.dylib+0x46a209], sa_mask[0]=11111111011111110111111111111111, sa_flags=SA_RESTART|SA_SIGINFO
SIGQUIT: [libjvm.dylib+0x46a209], sa_mask[0]=11111111011111110111111111111111, sa_flags=SA_RESTART|SA_SIGINFO


---------------  S Y S T E M  ---------------

OS:Bsduname:Darwin 14.0.0 Darwin Kernel Version 14.0.0: Fri Sep 19 00:26:44 PDT 2014; root:xnu-2782.1.97~2/RELEASE_X86_64 x86_64
rlimit: STACK 8192k, CORE 0k, NPROC 709, NOFILE 10240, AS infinity
load average:1.79 1.80 2.15

CPU:total 2 (2 cores per cpu, 1 threads per core) family 6 model 23 stepping 10, cmov, cx8, fxsr, mmx, sse, sse2, sse3, ssse3, sse4.1, tsc

Memory: 4k page, physical 8388608k(3528308k free)

/proc/meminfo:


vm_info: Java HotSpot(TM) 64-Bit Server VM (25.40-b25) for bsd-amd64 JRE (1.8.0_40-b27), built on Mar 13 2015 04:46:52 by "java_re" with gcc 4.2.1 (Based on Apple Inc. build 5658) (LLVM build 2336.11.00)

time: Tue Apr 14 19:08:33 2015
elapsed time: 2 seconds (0d 0h 0m 2s)

